2024-07-22 11:19:42.252 [info] Log level: Info
2024-07-22 11:19:42.252 [info] Validating found git in: "git"
2024-07-22 11:19:42.252 [info] Using git "1.8.3.1" from "git"
2024-07-22 11:19:42.252 [info] > git rev-parse --show-toplevel [4ms]
2024-07-22 11:19:42.252 [info] fatal: Not a git repository (or any parent up to mount point /home)
Stopping at filesystem boundary (GIT_DISCOVERY_ACROSS_FILESYSTEM not set).
2024-07-22 11:19:42.254 [info] > git rev-parse --show-toplevel [2ms]
2024-07-22 11:19:42.254 [info] fatal: Not a git repository (or any parent up to mount point /home)
Stopping at filesystem boundary (GIT_DISCOVERY_ACROSS_FILESYSTEM not set).
2024-07-22 11:19:42.260 [info] > git rev-parse --show-toplevel [3ms]
2024-07-22 11:19:42.260 [info] fatal: Not a git repository (or any parent up to mount point /home)
Stopping at filesystem boundary (GIT_DISCOVERY_ACROSS_FILESYSTEM not set).
2024-07-22 11:19:42.292 [info] > git rev-parse --show-toplevel [30ms]
2024-07-22 11:19:42.292 [info] fatal: Not a git repository (or any parent up to mount point /home)
Stopping at filesystem boundary (GIT_DISCOVERY_ACROSS_FILESYSTEM not set).
2024-07-22 11:19:42.297 [info] > git rev-parse --show-toplevel [2ms]
2024-07-22 11:19:42.297 [info] fatal: Not a git repository (or any parent up to mount point /home)
Stopping at filesystem boundary (GIT_DISCOVERY_ACROSS_FILESYSTEM not set).
2024-07-22 11:19:42.302 [info] > git rev-parse --show-toplevel [2ms]
2024-07-22 11:19:42.302 [info] fatal: Not a git repository (or any parent up to mount point /home)
Stopping at filesystem boundary (GIT_DISCOVERY_ACROSS_FILESYSTEM not set).
2024-07-22 11:19:42.307 [info] > git rev-parse --show-toplevel [3ms]
2024-07-22 11:19:42.312 [info] > git rev-parse --git-dir --git-common-dir [2ms]
2024-07-22 11:19:42.322 [info] Open repository: /home/egoria/gizmo-public3
2024-07-22 11:19:42.330 [warning] getRemotes() - ENOENT: no such file or directory, open '/home/egoria/gizmo-public3/--git-common-dir/config'
2024-07-22 11:19:42.333 [info] > git remote --verbose [4ms]
2024-07-22 11:19:42.337 [info] > git config --get commit.template [5ms]
2024-07-22 11:19:42.340 [info] > git for-each-ref --format=%(refname)%00%(upstream:short)%00%(objectname) refs/heads/master refs/remotes/master [4ms]
2024-07-22 11:19:42.361 [info] > git rev-list --left-right --count master...origin/master [18ms]
2024-07-22 11:19:42.364 [warning] ENOENT: no such file or directory, open '/home/egoria/gizmo-public3/.git/refs/remotes/origin/master'
2024-07-22 11:19:42.367 [info] > git rev-parse refs/remotes/origin/master [3ms]
2024-07-22 11:19:42.383 [info] > git status -z -uall [13ms]
2024-07-22 11:19:42.402 [warning] getRemotes() - ENOENT: no such file or directory, open '/home/egoria/gizmo-public3/--git-common-dir/config'
2024-07-22 11:19:42.404 [info] > git for-each-ref --format=%(refname)%00%(upstream:short)%00%(objectname) refs/heads/master refs/remotes/master [17ms]
2024-07-22 11:19:42.408 [info] > git config --get commit.template [3ms]
2024-07-22 11:19:42.408 [info] > git remote --verbose [6ms]
2024-07-22 11:19:42.410 [info] > git rev-list --left-right --count master...origin/master [4ms]
2024-07-22 11:19:42.413 [info] > git for-each-ref --format=%(refname)%00%(upstream:short)%00%(objectname) refs/heads/master refs/remotes/master [3ms]
2024-07-22 11:19:42.483 [info] > git rev-list --left-right --count master...origin/master [67ms]
2024-07-22 11:19:42.483 [info] > git config --local branch.master.vscode-merge-base [70ms]
2024-07-22 11:19:42.489 [warning] ENOENT: no such file or directory, open '/home/egoria/gizmo-public3/.git/refs/remotes/origin/master'
2024-07-22 11:19:42.490 [info] > git for-each-ref --format=%(refname)%00%(upstream:short)%00%(objectname) refs/heads/origin/master refs/remotes/origin/master [3ms]
2024-07-22 11:19:42.495 [info] > git rev-parse refs/remotes/origin/master [5ms]
2024-07-22 11:19:42.498 [info] > git merge-base refs/heads/master refs/remotes/origin/master [4ms]
2024-07-22 11:19:42.502 [info] > git rev-list --count --left-right refs/heads/master...refs/remotes/origin/master [1ms]
2024-07-22 11:19:42.506 [info] > git status -z -uall [9ms]
2024-07-22 11:19:42.514 [info] > git for-each-ref --format=%(refname)%00%(upstream:short)%00%(objectname) refs/heads/master refs/remotes/master [4ms]
2024-07-22 11:19:42.517 [info] > git diff --name-status -z --diff-filter=ADMR 97ff3cbecc93564800b50bfd6814f99bcd9e20f7...refs/remotes/origin/master [12ms]
2024-07-22 11:19:42.520 [info] > git rev-list --left-right --count master...origin/master [2ms]
2024-07-22 11:19:42.524 [info] > git config --local branch.master.vscode-merge-base [2ms]
2024-07-22 11:19:42.530 [info] > git for-each-ref --format=%(refname)%00%(upstream:short)%00%(objectname) refs/heads/origin/master refs/remotes/origin/master [2ms]
2024-07-22 11:19:42.867 [info] > git check-ignore -v -z --stdin [3ms]
2024-07-22 11:20:07.148 [info] > git rev-parse --show-toplevel [2ms]
2024-07-22 11:20:07.148 [info] fatal: Not a git repository (or any parent up to mount point /home)
Stopping at filesystem boundary (GIT_DISCOVERY_ACROSS_FILESYSTEM not set).
